Test #1:
8
6
10
11
2
13
15
21
18
27
17
34
33
37
36
38
42
50
52
Test #2:
58
61
59
66
68
63
72
82
87
86
83
89
94
95
88
97
98
75
108
99
112
119
115
Test #3:
125
127
129
134
135
138
142
130
145
131
147
133
152
151
143
153
158
160
173
162
Test #4:
191
193
195
Test #5:
200
201
202
206
207
211
214
204
223
238
226
242
228
230
231
251
236
Test #6:
258
267
269
Test #7:
280
283
289
291
288
294
306
309
311
304
312
320
308
322
326
Test #8:
340
336
352
367
362
377
Test #9:
384
387
389
386
396
403
408
401
421
394
427
432
422
423
437
435
443
445
448
409
Test #10:
452
453
458
456
459
465
471
