Test #1:
7675
13896
17574
34508
34768
51248
55438
79621
80454
80341
61906
62390
100420
69337
140848
145976
119860
159377
180156
74248
201345
206928
226894
225311
246498
228269
232568
274799
279312
273969
284521
317299
322832
335989
343224
324216
366521
366730
382991
394900
387477
246488
421884
436079
440668
444772
457117
450859
486754
480791
483398
513583
512847
454270
543469
555861
564756
473940
580710
591774
591882
595637
598592
605271
570986
579735
632697
566316
602168
695358
300162
718257
721390
730943
721328
729550
764789
778164
788188
793346
794875
814496
826058
833023
848547
858539
862042
878191
798658
798416
902705
461518
922694
932811
936529
955409
936896
476973
983549
