Test #1:
94
94
94
55 92 94
55
94 92 92 80 55 38 37
13 37 38 55 80 92 92 94
94 92 92 80 55 38 37 13
94 92 92 90 80 55 38 37 13
13 37 38 55 80 84 90 92 92 94
13 37 38 55 80 84 90 92 92 94
94
7 13 15 17 37 38 55 80 84 90 92 92 94 97
97
7
7
97
7 7 13 14 15 17 26 37 38 41 52 55 58 75 76 80 82 84 90 91 92 92 94 97
97 94 92 92 91 90 84 82 80 76 75 58 55 52 41 38 37 26 17 15 14 13 7 7
7
7 7 9 13 14 15 17 19 26 37 38 41 45 52 55 58 75 76 77 80 82 84 90 91 92 92 94 97
7
7
7 7 9 9 13 14 15 17 19 26 37 38 41 45 46 52 54 55 58 75 76 77 80 82 83 84 84 86 90 91 91 92 92 94 96 97
97
5 7 7 9 9 13 14 15 17 19 26 27 29 37 38 38 41 45 46 52 54 55 58 75 76 77 80 82 83 84 84 86 90 91 91 92 92 94 96 97
97 96 94 92 92 91 91 90 86 84 84 83 82 80 77 76 75 58 55 54 52 46 45 41 38 38 37 29 27 26 19 17 15 14 13 9 9 7 7 5
5 7 7 9 9 13 14 15 17 19 26 27 29 30 31 36 37 38 38 41 45 46 51 51 52 54 55 58 75 76 77 80 82 83 84 84 86 90 91 91 92 92 94 96 97 97
97 97 96 94 92 92 91 91 90 86 84 84 83 82 80 77 76 75 58 55 54 52 51 51 46 45 41 38 38 37 36 31 30 29 27 26 19 17 15 14 13 9 9 7 7 5
98 97 97 96 94 92 92 91 91 90 88 86 84 84 83 82 80 77 76 75 65 58 55 54 52 51 51 46 45 41 38 38 37 36 31 30 29 29 27 26 19 17 15 14 13 9 9 7 7 5
5 7 7 9 9 13 14 15 17 19 26 27 29 29 30 31 36 37 38 38 41 45 46 51 51 52 54 55 58 65 75 76 77 80 82 83 84 84 86 88 90 91 91 92 92 94 96 97 97 98
98 97 97 96 94 92 92 91 91 90 88 86 84 84 83 82 80 77 76 75 65 58 55 54 52 51 51 46 45 41 38 38 37 36 31 30 29 29 27 26 19 17 15 14 13 9 9 7 7 5
5 7 7 9 9 13 14 15 17 19 26 27 29 29 30 31 36 37 38 38 41 45 46 48 51 51 52 54 55 58 65 75 76 77 80 82 83 84 84 86 88 90 91 91 92 92 94 96 97 97 98
5 7 7 9 9 13 14 15 17 19 26 27 29 29 30 31 36 37 38 38 41 45 46 48 51 51 52 54 55 58 65 75 76 77 80 82 83 84 84 86 88 90 91 91 92 92 94 96 97 97 98
98 97 97 96 94 92 92 91 91 90 88 86 84 84 83 82 80 77 76 75 65 58 55 54 52 51 51 48 46 45 41 38 38 37 36 31 30 29 29 27 26 19 17 15 14 13 9 9 7 7 5
98 97 97 97 96 94 92 92 91 91 90 88 86 84 84 83 82 80 79 77 76 75 65 60 58 55 54 53 52 51 51 51 48 46 45 41 38 38 37 36 31 30 30 29 29 27 26 26 19 17 16 15 14 13 9 9 7 7 5 1
1
